#
# There is insufficient memory for the Java Runtime Environment to continue.
# Native memory allocation (malloc) failed to allocate 400176 bytes for Chunk::new
# Possible reasons:
#   The system is out of physical RAM or swap space
#   The process is running with CompressedOops enabled, and the Java Heap may be blocking the growth of the native heap
# Possible solutions:
#   Reduce memory load on the system
#   Increase physical memory or swap space
#   Check if swap backing store is full
#   Decrease Java heap size (-Xmx/-Xms)
#   Decrease number of Java threads
#   Decrease Java thread stack sizes (-Xss)
#   Set larger code cache with -XX:ReservedCodeCacheSize=
#   JVM is running with Zero Based Compressed Oops mode in which the Java heap is
#     placed in the first 32GB address space. The Java Heap base address is the
#     maximum limit for the native heap growth. Please use -XX:HeapBaseMinAddress
#     to set the Java Heap base and to place the Java Heap above 32GB virtual address.
# This output file may be truncated or incomplete.
#
#  Out of Memory Error (arena.cpp:166), pid=17044, tid=19488
#
# JRE version: Java(TM) SE Runtime Environment (21.0+35) (build 21+35-LTS-2513)
# Java VM: Java HotSpot(TM) 64-Bit Server VM (21+35-LTS-2513, mixed mode, sharing, tiered, compressed oops, compressed class ptrs, g1 gc, windows-amd64)
# No core dump will be written. Minidumps are not enabled by default on client versions of Windows
#

---------------  S U M M A R Y ------------

Command Line: -javaagent:D:\IntelliJ\IntelliJ IDEA 2023.2.5\lib\idea_rt.jar=59924:D:\IntelliJ\IntelliJ IDEA 2023.2.5\bin -Dfile.encoding=UTF-8 -Dsun.stdout.encoding=UTF-8 -Dsun.stderr.encoding=UTF-8 --module-path=C:\Users\mazen\.m2\repository\org\openjfx\javafx-controls\21-ea+24\javafx-controls-21-ea+24-win.jar;C:\Users\mazen\.m2\repository\org\openjfx\javafx-graphics\21-ea+24\javafx-graphics-21-ea+24-win.jar;C:\Users\mazen\source\repos\FlyXpert\target\classes;C:\Users\mazen\.m2\repository\org\openjfx\javafx-fxml\21-ea+24\javafx-fxml-21-ea+24-win.jar;C:\Users\mazen\.m2\repository\org\openjfx\javafx-base\21-ea+24\javafx-base-21-ea+24-win.jar -Djdk.module.main=flyxpert.flyxpert flyxpert.flyxpert/flyxpert.flyxpert.Main

Host: 11th Gen Intel(R) Core(TM) i7-11800H @ 2.30GHz, 16 cores, 15G,  Windows 11 , 64 bit Build 22000 (10.0.22000.2538)
Time: Sun Dec 10 15:22:52 2023 Egypt Standard Time elapsed time: 0.200015 seconds (0d 0h 0m 0s)

---------------  T H R E A D  ---------------

Current thread (0x000001ee59d43bb0):  JavaThread "C2 CompilerThread0" daemon [_thread_in_native, id=19488, stack(0x0000000bf0900000,0x0000000bf0a00000) (1024K)]


Current CompileTask:
C2:    200  338       4       jdk.internal.module.Checks::isTypeName (49 bytes)

Stack: [0x0000000bf0900000,0x0000000bf0a00000]
Native frames: (J=compiled Java code, j=interpreted, Vv=VM code, C=native code)
V  [jvm.dll+0x6c8d39]
V  [jvm.dll+0x854091]
V  [jvm.dll+0x85630e]
V  [jvm.dll+0x8569e3]
V  [jvm.dll+0x2809a6]
V  [jvm.dll+0xc3e6d]
V  [jvm.dll+0xc4383]
V  [jvm.dll+0x3b54e2]
V  [jvm.dll+0x382245]
V  [jvm.dll+0x3816ba]
V  [jvm.dll+0x249800]
V  [jvm.dll+0x248de1]
V  [jvm.dll+0x1c9b91]
V  [jvm.dll+0x2583e9]
V  [jvm.dll+0x2569ca]
V  [jvm.dll+0x3eef66]
V  [jvm.dll+0x7fd2c8]
V  [jvm.dll+0x6c748d]
C  [ucrtbase.dll+0x26c0c]
C  [KERNEL32.DLL+0x153e0]
C  [ntdll.dll+0x485b]


---------------  P R O C E S S  ---------------

Threads class SMR info:
_java_thread_list=0x000001ee9fce5910, length=18, elements={
0x000001ee3a1d7c10, 0x000001ee59d31040, 0x000001ee59d33d50, 0x000001ee59d354d0,
0x000001ee59d36020, 0x000001ee59d36d20, 0x000001ee59d37b50, 0x000001ee59d43bb0,
0x000001ee59d4e5e0, 0x000001ee59d4bd00, 0x000001ee59d4c3d0, 0x000001ee9f1576f0,
0x000001ee59d4ecb0, 0x000001ee59d4d840, 0x000001ee59d4df10, 0x000001ee59d4caa0,
0x000001ee9fd26640, 0x000001ee9fccdc00
}

Java Threads: ( => current thread )
  0x000001ee3a1d7c10 JavaThread "main"                              [_thread_in_Java, id=30836, stack(0x0000000befb00000,0x0000000befc00000) (1024K)]
  0x000001ee59d31040 JavaThread "Reference Handler"          daemon [_thread_blocked, id=16588, stack(0x0000000bf0300000,0x0000000bf0400000) (1024K)]
  0x000001ee59d33d50 JavaThread "Finalizer"                  daemon [_thread_blocked, id=27860, stack(0x0000000bf0400000,0x0000000bf0500000) (1024K)]
  0x000001ee59d354d0 JavaThread "Signal Dispatcher"          daemon [_thread_blocked, id=12416, stack(0x0000000bf0500000,0x0000000bf0600000) (1024K)]
  0x000001ee59d36020 JavaThread "Attach Listener"            daemon [_thread_blocked, id=3376, stack(0x0000000bf0600000,0x0000000bf0700000) (1024K)]
  0x000001ee59d36d20 JavaThread "Service Thread"             daemon [_thread_blocked, id=14968, stack(0x0000000bf0700000,0x0000000bf0800000) (1024K)]
  0x000001ee59d37b50 JavaThread "Monitor Deflation Thread"   daemon [_thread_blocked, id=31140, stack(0x0000000bf0800000,0x0000000bf0900000) (1024K)]
=>0x000001ee59d43bb0 JavaThread "C2 CompilerThread0"         daemon [_thread_in_native, id=19488, stack(0x0000000bf0900000,0x0000000bf0a00000) (1024K)]
  0x000001ee59d4e5e0 JavaThread "C1 CompilerThread0"         daemon [_thread_blocked, id=29320, stack(0x0000000bf0a00000,0x0000000bf0b00000) (1024K)]
  0x000001ee59d4bd00 JavaThread "C1 CompilerThread1"         daemon [_thread_blocked, id=8292, stack(0x0000000bf0b00000,0x0000000bf0c00000) (1024K)]
  0x000001ee59d4c3d0 JavaThread "C1 CompilerThread2"         daemon [_thread_in_native, id=31672, stack(0x0000000bf0c00000,0x0000000bf0d00000) (1024K)]
  0x000001ee9f1576f0 JavaThread "Common-Cleaner"             daemon [_thread_blocked, id=15200, stack(0x0000000bf0d00000,0x0000000bf0e00000) (1024K)]
  0x000001ee59d4ecb0 JavaThread "C1 CompilerThread3"         daemon [_thread_blocked, id=14964, stack(0x0000000bf0e00000,0x0000000bf0f00000) (1024K)]
  0x000001ee59d4d840 JavaThread "C2 CompilerThread1"         daemon [_thread_in_native, id=26984, stack(0x0000000bf0f00000,0x0000000bf1000000) (1024K)]
  0x000001ee59d4df10 JavaThread "C2 CompilerThread2"         daemon [_thread_in_native, id=23572, stack(0x0000000bf1000000,0x0000000bf1100000) (1024K)]
  0x000001ee59d4caa0 JavaThread "C2 CompilerThread3"         daemon [_thread_in_native, id=12860, stack(0x0000000bf1100000,0x0000000bf1200000) (1024K)]
  0x000001ee9fd26640 JavaThread "Monitor Ctrl-Break"         daemon [_thread_in_vm, id=24372, stack(0x0000000bf1200000,0x0000000bf1300000) (1024K)]
  0x000001ee9fccdc00 JavaThread "Notification Thread"        daemon [_thread_blocked, id=27900, stack(0x0000000bf1300000,0x0000000bf1400000) (1024K)]
Total: 18

Other Threads:
  0x000001ee59d10ec0 VMThread "VM Thread"                           [id=27952, stack(0x0000000bf0200000,0x0000000bf0300000) (1024K)]
  0x000001ee59cfb060 WatcherThread "VM Periodic Task Thread"        [id=28676, stack(0x0000000bf0100000,0x0000000bf0200000) (1024K)]
  0x000001ee3a23f540 WorkerThread "GC Thread#0"                     [id=26304, stack(0x0000000befc00000,0x0000000befd00000) (1024K)]
  0x000001ee3a2500e0 ConcurrentGCThread "G1 Main Marker"            [id=31216, stack(0x0000000befd00000,0x0000000befe00000) (1024K)]
  0x000001ee3a250d90 WorkerThread "G1 Conc#0"                       [id=8908, stack(0x0000000befe00000,0x0000000beff00000) (1024K)]
  0x000001ee59bcf560 ConcurrentGCThread "G1 Refine#0"               [id=3528, stack(0x0000000beff00000,0x0000000bf0000000) (1024K)]
  0x000001ee59bcffe0 ConcurrentGCThread "G1 Service"                [id=20388, stack(0x0000000bf0000000,0x0000000bf0100000) (1024K)]
Total: 7

Threads with active compile tasks:
C2 CompilerThread0      218  338       4       jdk.internal.module.Checks::isTypeName (49 bytes)
C2 CompilerThread1      218  465       4       java.util.zip.ZipFile$Source::isMetaName (141 bytes)
C2 CompilerThread2      218  463       4       java.util.zip.ZipUtils::CENSIG (8 bytes)
C2 CompilerThread3      218  268       4       java.util.stream.ReferencePipeline$3$1::accept (23 bytes)
Total: 4

VM state: not at safepoint (normal execution)

VM Mutex/Monitor currently owned by a thread: None

Heap address: 0x0000000704400000, size: 4028 MB, Compressed Oops mode: Zero based, Oop shift amount: 3

CDS archive(s) mapped at: [0x000001ee5a000000-0x000001ee5ac90000-0x000001ee5ac90000), size 13172736, SharedBaseAddress: 0x000001ee5a000000, ArchiveRelocationMode: 1.
Compressed class space mapped at: 0x000001ee5b000000-0x000001ee9b000000, reserved size: 1073741824
Narrow klass base: 0x000001ee5a000000, Narrow klass shift: 0, Narrow klass range: 0x100000000

GC Precious Log:
 CardTable entry size: 512
 Card Set container configuration: InlinePtr #cards 4 size 8 Array Of Cards #cards 16 size 48 Howl #buckets 8 coarsen threshold 3686 Howl Bitmap #cards 512 size 80 coarsen threshold 460 Card regions per heap region 1 cards per card region 4096
 CPUs: 16 total, 16 available
 Memory: 16110M
 Large Page Support: Disabled
 NUMA Support: Disabled
 Compressed Oops: Enabled (Zero based)
 Heap Region Size: 2M
 Heap Min Capacity: 8M
 Heap Initial Capacity: 252M
 Heap Max Capacity: 4028M
 Pre-touch: Disabled
 Parallel Workers: 13
 Concurrent Workers: 3
 Concurrent Refinement Workers: 13
 Periodic GC: Disabled

Heap:
 garbage-first heap   total 258048K, used 8192K [0x0000000704400000, 0x0000000800000000)
  region size 2048K, 5 young (10240K), 0 survivors (0K)
 Metaspace       used 1158K, committed 1344K, reserved 1114112K
  class space    used 93K, committed 192K, reserved 1048576K

Heap Regions: E=young(eden), S=young(survivor), O=old, HS=humongous(starts), HC=humongous(continues), CS=collection set, F=free, TAMS=top-at-mark-start, PB=parsable bottom
|   0|0x0000000704400000, 0x0000000704400000, 0x0000000704600000|  0%| F|  |TAMS 0x0000000704400000| PB 0x0000000704400000| Untracked 
|   1|0x0000000704600000, 0x0000000704600000, 0x0000000704800000|  0%| F|  |TAMS 0x0000000704600000| PB 0x0000000704600000| Untracked 
|   2|0x0000000704800000, 0x0000000704800000, 0x0000000704a00000|  0%| F|  |TAMS 0x0000000704800000| PB 0x0000000704800000| Untracked 
|   3|0x0000000704a00000, 0x0000000704a00000, 0x0000000704c00000|  0%| F|  |TAMS 0x0000000704a00000| PB 0x0000000704a00000| Untracked 
|   4|0x0000000704c00000, 0x0000000704c00000, 0x0000000704e00000|  0%| F|  |TAMS 0x0000000704c00000| PB 0x0000000704c00000| Untracked 
|   5|0x0000000704e00000, 0x0000000704e00000, 0x0000000705000000|  0%| F|  |TAMS 0x0000000704e00000| PB 0x0000000704e00000| Untracked 
|   6|0x0000000705000000, 0x0000000705000000, 0x0000000705200000|  0%| F|  |TAMS 0x0000000705000000| PB 0x0000000705000000| Untracked 
|   7|0x0000000705200000, 0x0000000705200000, 0x0000000705400000|  0%| F|  |TAMS 0x0000000705200000| PB 0x0000000705200000| Untracked 
|   8|0x0000000705400000, 0x0000000705400000, 0x0000000705600000|  0%| F|  |TAMS 0x0000000705400000| PB 0x0000000705400000| Untracked 
|   9|0x0000000705600000, 0x0000000705600000, 0x0000000705800000|  0%| F|  |TAMS 0x0000000705600000| PB 0x0000000705600000| Untracked 
|  10|0x0000000705800000, 0x0000000705800000, 0x0000000705a00000|  0%| F|  |TAMS 0x0000000705800000| PB 0x0000000705800000| Untracked 
|  11|0x0000000705a00000, 0x0000000705a00000, 0x0000000705c00000|  0%| F|  |TAMS 0x0000000705a00000| PB 0x0000000705a00000| Untracked 
|  12|0x0000000705c00000, 0x0000000705c00000, 0x0000000705e00000|  0%| F|  |TAMS 0x0000000705c00000| PB 0x0000000705c00000| Untracked 
|  13|0x0000000705e00000, 0x0000000705e00000, 0x0000000706000000|  0%| F|  |TAMS 0x0000000705e00000| PB 0x0000000705e00000| Untracked 
|  14|0x0000000706000000, 0x0000000706000000, 0x0000000706200000|  0%| F|  |TAMS 0x0000000706000000| PB 0x0000000706000000| Untracked 
|  15|0x0000000706200000, 0x0000000706200000, 0x0000000706400000|  0%| F|  |TAMS 0x0000000706200000| PB 0x0000000706200000| Untracked 
|  16|0x0000000706400000, 0x0000000706400000, 0x0000000706600000|  0%| F|  |TAMS 0x0000000706400000| PB 0x0000000706400000| Untracked 
|  17|0x0000000706600000, 0x0000000706600000, 0x0000000706800000|  0%| F|  |TAMS 0x0000000706600000| PB 0x0000000706600000| Untracked 
|  18|0x0000000706800000, 0x0000000706800000, 0x0000000706a00000|  0%| F|  |TAMS 0x0000000706800000| PB 0x0000000706800000| Untracked 
|  19|0x0000000706a00000, 0x0000000706a00000, 0x0000000706c00000|  0%| F|  |TAMS 0x0000000706a00000| PB 0x0000000706a00000| Untracked 
|  20|0x0000000706c00000, 0x0000000706c00000, 0x0000000706e00000|  0%| F|  |TAMS 0x0000000706c00000| PB 0x0000000706c00000| Untracked 
|  21|0x0000000706e00000, 0x0000000706e00000, 0x0000000707000000|  0%| F|  |TAMS 0x0000000706e00000| PB 0x0000000706e00000| Untracked 
|  22|0x0000000707000000, 0x0000000707000000, 0x0000000707200000|  0%| F|  |TAMS 0x0000000707000000| PB 0x0000000707000000| Untracked 
|  23|0x0000000707200000, 0x0000000707200000, 0x0000000707400000|  0%| F|  |TAMS 0x0000000707200000| PB 0x0000000707200000| Untracked 
|  24|0x0000000707400000, 0x0000000707400000, 0x0000000707600000|  0%| F|  |TAMS 0x0000000707400000| PB 0x0000000707400000| Untracked 
|  25|0x0000000707600000, 0x0000000707600000, 0x0000000707800000|  0%| F|  |TAMS 0x0000000707600000| PB 0x0000000707600000| Untracked 
|  26|0x0000000707800000, 0x0000000707800000, 0x0000000707a00000|  0%| F|  |TAMS 0x0000000707800000| PB 0x0000000707800000| Untracked 
|  27|0x0000000707a00000, 0x0000000707a00000, 0x0000000707c00000|  0%| F|  |TAMS 0x0000000707a00000| PB 0x0000000707a00000| Untracked 
|  28|0x0000000707c00000, 0x0000000707c00000, 0x0000000707e00000|  0%| F|  |TAMS 0x0000000707c00000| PB 0x0000000707c00000| Untracked 
|  29|0x0000000707e00000, 0x0000000707e00000, 0x0000000708000000|  0%| F|  |TAMS 0x0000000707e00000| PB 0x0000000707e00000| Untracked 
|  30|0x0000000708000000, 0x0000000708000000, 0x0000000708200000|  0%| F|  |TAMS 0x0000000708000000| PB 0x0000000708000000| Untracked 
|  31|0x0000000708200000, 0x0000000708200000, 0x0000000708400000|  0%| F|  |TAMS 0x0000000708200000| PB 0x0000000708200000| Untracked 
|  32|0x0000000708400000, 0x0000000708400000, 0x0000000708600000|  0%| F|  |TAMS 0x0000000708400000| PB 0x0000000708400000| Untracked 
|  33|0x0000000708600000, 0x0000000708600000, 0x0000000708800000|  0%| F|  |TAMS 0x0000000708600000| PB 0x0000000708600000| Untracked 
|  34|0x0000000708800000, 0x0000000708800000, 0x0000000708a00000|  0%| F|  |TAMS 0x0000000708800000| PB 0x0000000708800000| Untracked 
|  35|0x0000000708a00000, 0x0000000708a00000, 0x0000000708c00000|  0%| F|  |TAMS 0x0000000708a00000| PB 0x0000000708a00000| Untracked 
|  36|0x0000000708c00000, 0x0000000708c00000, 0x0000000708e00000|  0%| F|  |TAMS 0x0000000708c00000| PB 0x0000000708c00000| Untracked 
|  37|0x0000000708e00000, 0x0000000708e00000, 0x0000000709000000|  0%| F|  |TAMS 0x0000000708e00000| PB 0x0000000708e00000| Untracked 
|  38|0x0000000709000000, 0x0000000709000000, 0x0000000709200000|  0%| F|  |TAMS 0x0000000709000000| PB 0x0000000709000000| Untracked 
|  39|0x0000000709200000, 0x0000000709200000, 0x0000000709400000|  0%| F|  |TAMS 0x0000000709200000| PB 0x0000000709200000| Untracked 
|  40|0x0000000709400000, 0x0000000709400000, 0x0000000709600000|  0%| F|  |TAMS 0x0000000709400000| PB 0x0000000709400000| Untracked 
|  41|0x0000000709600000, 0x0000000709600000, 0x0000000709800000|  0%| F|  |TAMS 0x0000000709600000| PB 0x0000000709600000| Untracked 
|  42|0x0000000709800000, 0x0000000709800000, 0x0000000709a00000|  0%| F|  |TAMS 0x0000000709800000| PB 0x0000000709800000| Untracked 
|  43|0x0000000709a00000, 0x0000000709a00000, 0x0000000709c00000|  0%| F|  |TAMS 0x0000000709a00000| PB 0x0000000709a00000| Untracked 
|  44|0x0000000709c00000, 0x0000000709c00000, 0x0000000709e00000|  0%| F|  |TAMS 0x0000000709c00000| PB 0x0000000709c00000| Untracked 
|  45|0x0000000709e00000, 0x0000000709e00000, 0x000000070a000000|  0%| F|  |TAMS 0x0000000709e00000| PB 0x0000000709e00000| Untracked 
|  46|0x000000070a000000, 0x000000070a000000, 0x000000070a200000|  0%| F|  |TAMS 0x000000070a000000| PB 0x000000070a000000| Untracked 
|  47|0x000000070a200000, 0x000000070a200000, 0x000000070a400000|  0%| F|  |TAMS 0x000000070a200000| PB 0x000000070a200000| Untracked 
|  48|0x000000070a400000, 0x000000070a400000, 0x000000070a600000|  0%| F|  |TAMS 0x000000070a400000| PB 0x000000070a400000| Untracked 
|  49|0x000000070a600000, 0x000000070a600000, 0x000000070a800000|  0%| F|  |TAMS 0x000000070a600000| PB 0x000000070a600000| Untracked 
|  50|0x000000070a800000, 0x000000070a800000, 0x000000070aa00000|  0%| F|  |TAMS 0x000000070a800000| PB 0x000000070a800000| Untracked 
|  51|0x000000070aa00000, 0x000000070aa00000, 0x000000070ac00000|  0%| F|  |TAMS 0x000000070aa00000| PB 0x000000070aa00000| Untracked 
|  52|0x000000070ac00000, 0x000000070ac00000, 0x000000070ae00000|  0%| F|  |TAMS 0x000000070ac00000| PB 0x000000070ac00000| Untracked 
|  53|0x000000070ae00000, 0x000000070ae00000, 0x000000070b000000|  0%| F|  |TAMS 0x000000070ae00000| PB 0x000000070ae00000| Untracked 
|  54|0x000000070b000000, 0x000000070b000000, 0x000000070b200000|  0%| F|  |TAMS 0x000000070b000000| PB 0x000000070b000000| Untracked 
|  55|0x000000070b200000, 0x000000070b200000, 0x000000070b400000|  0%| F|  |TAMS 0x000000070b200000| PB 0x000000070b200000| Untracked 
|  56|0x000000070b400000, 0x000000070b400000, 0x000000070b600000|  0%| F|  |TAMS 0x000000070b400000| PB 0x000000070b400000| Untracked 
|  57|0x000000070b600000, 0x000000070b600000, 0x000000070b800000|  0%| F|  |TAMS 0x000000070b600000| PB 0x000000070b600000| Untracked 
|  58|0x000000070b800000, 0x000000070b800000, 0x000000070ba00000|  0%| F|  |TAMS 0x000000070b800000| PB 0x000000070b800000| Untracked 
|  59|0x000000070ba00000, 0x000000070ba00000, 0x000000070bc00000|  0%| F|  |TAMS 0x000000070ba00000| PB 0x000000070ba00000| Untracked 
|  60|0x000000070bc00000, 0x000000070bc00000, 0x000000070be00000|  0%| F|  |TAMS 0x000000070bc00000| PB 0x000000070bc00000| Untracked 
|  61|0x000000070be00000, 0x000000070be00000, 0x000000070c000000|  0%| F|  |TAMS 0x000000070be00000| PB 0x000000070be00000| Untracked 
|  62|0x000000070c000000, 0x000000070c000000, 0x000000070c200000|  0%| F|  |TAMS 0x000000070c000000| PB 0x000000070c000000| Untracked 
|  63|0x000000070c200000, 0x000000070c200000, 0x000000070c400000|  0%| F|  |TAMS 0x000000070c200000| PB 0x000000070c200000| Untracked 
|  64|0x000000070c400000, 0x000000070c400000, 0x000000070c600000|  0%| F|  |TAMS 0x000000070c400000| PB 0x000000070c400000| Untracked 
|  65|0x000000070c600000, 0x000000070c600000, 0x000000070c800000|  0%| F|  |TAMS 0x000000070c600000| PB 0x000000070c600000| Untracked 
|  66|0x000000070c800000, 0x000000070c800000, 0x000000070ca00000|  0%| F|  |TAMS 0x000000070c800000| PB 0x000000070c800000| Untracked 
|  67|0x000000070ca00000, 0x000000070ca00000, 0x000000070cc00000|  0%| F|  |TAMS 0x000000070ca00000| PB 0x000000070ca00000| Untracked 
|  68|0x000000070cc00000, 0x000000070cc00000, 0x000000070ce00000|  0%| F|  |TAMS 0x000000070cc00000| PB 0x000000070cc00000| Untracked 
|  69|0x000000070ce00000, 0x000000070ce00000, 0x000000070d000000|  0%| F|  |TAMS 0x000000070ce00000| PB 0x000000070ce00000| Untracked 
|  70|0x000000070d000000, 0x000000070d000000, 0x000000070d200000|  0%| F|  |TAMS 0x000000070d000000| PB 0x000000070d000000| Untracked 
|  71|0x000000070d200000, 0x000000070d200000, 0x000000070d400000|  0%| F|  |TAMS 0x000000070d200000| PB 0x000000070d200000| Untracked 
|  72|0x000000070d400000, 0x000000070d400000, 0x000000070d600000|  0%| F|  |TAMS 0x000000070d400000| PB 0x000000070d400000| Untracked 
|  73|0x000000070d600000, 0x000000070d600000, 0x000000070d800000|  0%| F|  |TAMS 0x000000070d600000| PB 0x000000070d600000| Untracked 
|  74|0x000000070d800000, 0x000000070d800000, 0x000000070da00000|  0%| F|  |TAMS 0x000000070d800000| PB 0x000000070d800000| Untracked 
|  75|0x000000070da00000, 0x000000070da00000, 0x000000070dc00000|  0%| F|  |TAMS 0x000000070da00000| PB 0x000000070da00000| Untracked 
|  76|0x000000070dc00000, 0x000000070dc00000, 0x000000070de00000|  0%| F|  |TAMS 0x000000070dc00000| PB 0x000000070dc00000| Untracked 
|  77|0x000000070de00000, 0x000000070de00000, 0x000000070e000000|  0%| F|  |TAMS 0x000000070de00000| PB 0x000000070de00000| Untracked 
|  78|0x000000070e000000, 0x000000070e000000, 0x000000070e200000|  0%| F|  |TAMS 0x000000070e000000| PB 0x000000070e000000| Untracked 
|  79|0x000000070e200000, 0x000000070e200000, 0x000000070e400000|  0%| F|  |TAMS 0x000000070e200000| PB 0x000000070e200000| Untracked 
|  80|0x000000070e400000, 0x000000070e400000, 0x000000070e600000|  0%| F|  |TAMS 0x000000070e400000| PB 0x000000070e400000| Untracked 
|  81|0x000000070e600000, 0x000000070e600000, 0x000000070e800000|  0%| F|  |TAMS 0x000000070e600000| PB 0x000000070e600000| Untracked 
|  82|0x000000070e800000, 0x000000070e800000, 0x000000070ea00000|  0%| F|  |TAMS 0x000000070e800000| PB 0x000000070e800000| Untracked 
|  83|0x000000070ea00000, 0x000000070ea00000, 0x000000070ec00000|  0%| F|  |TAMS 0x000000070ea00000| PB 0x000000070ea00000| Untracked 
|  84|0x000000070ec00000, 0x000000070ec00000, 0x000000070ee00000|  0%| F|  |TAMS 0x000000070ec00000| PB 0x000000070ec00000| Untracked 
|  85|0x000000070ee00000, 0x000000070ee00000, 0x000000070f000000|  0%| F|  |TAMS 0x000000070ee00000| PB 0x000000070ee00000| Untracked 
|  86|0x000000070f000000, 0x000000070f000000, 0x000000070f200000|  0%| F|  |TAMS 0x000000070f000000| PB 0x000000070f000000| Untracked 
|  87|0x000000070f200000, 0x000000070f200000, 0x000000070f400000|  0%| F|  |TAMS 0x000000070f200000| PB 0x000000070f200000| Untracked 
|  88|0x000000070f400000, 0x000000070f400000, 0x000000070f600000|  0%| F|  |TAMS 0x000000070f400000| PB 0x000000070f400000| Untracked 
|  89|0x000000070f600000, 0x000000070f600000, 0x000000070f800000|  0%| F|  |TAMS 0x000000070f600000| PB 0x000000070f600000| Untracked 
|  90|0x000000070f800000, 0x000000070f800000, 0x000000070fa00000|  0%| F|  |TAMS 0x000000070f800000| PB 0x000000070f800000| Untracked 
|  91|0x000000070fa00000, 0x000000070fa00000, 0x000000070fc00000|  0%| F|  |TAMS 0x000000070fa00000| PB 0x000000070fa00000| Untracked 
|  92|0x000000070fc00000, 0x000000070fc00000, 0x000000070fe00000|  0%| F|  |TAMS 0x000000070fc00000| PB 0x000000070fc00000| Untracked 
|  93|0x000000070fe00000, 0x000000070fe00000, 0x0000000710000000|  0%| F|  |TAMS 0x000000070fe00000| PB 0x000000070fe00000| Untracked 
|  94|0x0000000710000000, 0x0000000710000000, 0x0000000710200000|  0%| F|  |TAMS 0x0000000710000000| PB 0x0000000710000000| Untracked 
|  95|0x0000000710200000, 0x0000000710200000, 0x0000000710400000|  0%| F|  |TAMS 0x0000000710200000| PB 0x0000000710200000| Untracked 
|  96|0x0000000710400000, 0x0000000710400000, 0x0000000710600000|  0%| F|  |TAMS 0x0000000710400000| PB 0x0000000710400000| Untracked 
|  97|0x0000000710600000, 0x0000000710600000, 0x0000000710800000|  0%| F|  |TAMS 0x0000000710600000| PB 0x0000000710600000| Untracked 
|  98|0x0000000710800000, 0x0000000710800000, 0x0000000710a00000|  0%| F|  |TAMS 0x0000000710800000| PB 0x0000000710800000| Untracked 
|  99|0x0000000710a00000, 0x0000000710a00000, 0x0000000710c00000|  0%| F|  |TAMS 0x0000000710a00000| PB 0x0000000710a00000| Untracked 
| 100|0x0000000710c00000, 0x0000000710c00000, 0x0000000710e00000|  0%| F|  |TAMS 0x0000000710c00000| PB 0x0000000710c00000| Untracked 
| 101|0x0000000710e00000, 0x0000000710e00000, 0x0000000711000000|  0%| F|  |TAMS 0x0000000710e00000| PB 0x0000000710e00000| Untracked 
| 102|0x0000000711000000, 0x0000000711000000, 0x0000000711200000|  0%| F|  |TAMS 0x0000000711000000| PB 0x0000000711000000| Untracked 
| 103|0x0000000711200000, 0x0000000711200000, 0x0000000711400000|  0%| F|  |TAMS 0x0000000711200000| PB 0x0000000711200000| Untracked 
| 104|0x0000000711400000, 0x0000000711400000, 0x0000000711600000|  0%| F|  |TAMS 0x0000000711400000| PB 0x0000000711400000| Untracked 
| 105|0x0000000711600000, 0x0000000711600000, 0x0000000711800000|  0%| F|  |TAMS 0x0000000711600000| PB 0x0000000711600000| Untracked 
| 106|0x0000000711800000, 0x0000000711800000, 0x0000000711a00000|  0%| F|  |TAMS 0x0000000711800000| PB 0x0000000711800000| Untracked 
| 107|0x0000000711a00000, 0x0000000711a00000, 0x0000000711c00000|  0%| F|  |TAMS 0x0000000711a00000| PB 0x0000000711a00000| Untracked 
| 108|0x0000000711c00000, 0x0000000711c00000, 0x0000000711e00000|  0%| F|  |TAMS 0x0000000711c00000| PB 0x0000000711c00000| Untracked 
| 109|0x0000000711e00000, 0x0000000711e00000, 0x0000000712000000|  0%| F|  |TAMS 0x0000000711e00000| PB 0x0000000711e00000| Untracked 
| 110|0x0000000712000000, 0x0000000712000000, 0x0000000712200000|  0%| F|  |TAMS 0x0000000712000000| PB 0x0000000712000000| Untracked 
| 111|0x0000000712200000, 0x0000000712200000, 0x0000000712400000|  0%| F|  |TAMS 0x0000000712200000| PB 0x0000000712200000| Untracked 
| 112|0x0000000712400000, 0x0000000712400000, 0x0000000712600000|  0%| F|  |TAMS 0x0000000712400000| PB 0x0000000712400000| Untracked 
| 113|0x0000000712600000, 0x0000000712600000, 0x0000000712800000|  0%| F|  |TAMS 0x0000000712600000| PB 0x0000000712600000| Untracked 
| 114|0x0000000712800000, 0x0000000712800000, 0x0000000712a00000|  0%| F|  |TAMS 0x0000000712800000| PB 0x0000000712800000| Untracked 
| 115|0x0000000712a00000, 0x0000000712a00000, 0x0000000712c00000|  0%| F|  |TAMS 0x0000000712a00000| PB 0x0000000712a00000| Untracked 
| 116|0x0000000712c00000, 0x0000000712c00000, 0x0000000712e00000|  0%| F|  |TAMS 0x0000000712c00000| PB 0x0000000712c00000| Untracked 
| 117|0x0000000712e00000, 0x0000000712e00000, 0x0000000713000000|  0%| F|  |TAMS 0x0000000712e00000| PB 0x0000000712e00000| Untracked 
| 118|0x0000000713000000, 0x0000000713000000, 0x0000000713200000|  0%| F|  |TAMS 0x0000000713000000| PB 0x0000000713000000| Untracked 
| 119|0x0000000713200000, 0x0000000713200000, 0x0000000713400000|  0%| F|  |TAMS 0x0000000713200000| PB 0x0000000713200000| Untracked 
| 120|0x0000000713400000, 0x0000000713400000, 0x0000000713600000|  0%| F|  |TAMS 0x0000000713400000| PB 0x0000000713400000| Untracked 
| 121|0x0000000713600000, 0x000000071372e638, 0x0000000713800000| 59%| E|  |TAMS 0x0000000713600000| PB 0x0000000713600000| Complete 
| 122|0x0000000713800000, 0x0000000713a00000, 0x0000000713a00000|100%| E|CS|TAMS 0x0000000713800000| PB 0x0000000713800000| Complete 
| 123|0x0000000713a00000, 0x0000000713c00000, 0x0000000713c00000|100%| E|CS|TAMS 0x0000000713a00000| PB 0x0000000713a00000| Complete 
| 124|0x0000000713c00000, 0x0000000713e00000, 0x0000000713e00000|100%| E|CS|TAMS 0x0000000713c00000| PB 0x0000000713c00000| Complete 
| 125|0x0000000713e00000, 0x0000000714000000, 0x0000000714000000|100%| E|CS|TAMS 0x0000000713e00000| PB 0x0000000713e00000| Complete 

Card table byte_map: [0x000001ee526b0000,0x000001ee52e90000] _byte_map_base: 0x000001ee4ee8e000

Marking Bits: (CMBitMap*) 0x000001ee3a23fc40
 Bits: [0x000001ee52e90000, 0x000001ee56d80000)

Polling page: 0x000001ee38180000

Metaspace:

Usage:
  Non-class:      1.10 MB used.
      Class:    102.67 KB used.
       Both:      1.20 MB used.

Virtual space:
  Non-class space:       64.00 MB reserved,       1.19 MB (  2%) committed,  1 nodes.
      Class space:        1.00 GB reserved,     192.00 KB ( <1%) committed,  1 nodes.
             Both:        1.06 GB reserved,       1.38 MB ( <1%) committed. 

Chunk freelists:
   Non-Class:  11.92 MB
       Class:  15.73 MB
        Both:  27.65 MB

MaxMetaspaceSize: unlimited
CompressedClassSpaceSize: 1.00 GB
Initial GC threshold: 21.00 MB
Current GC threshold: 21.00 MB
CDS: on
 - commit_granule_bytes: 65536.
 - commit_granule_words: 8192.
 - virtual_space_node_default_size: 8388608.
 - enlarge_chunks_in_place: 1.
 - use_allocation_guard: 0.


Internal statistics:

num_allocs_failed_limit: 0.
num_arena_births: 30.
num_arena_deaths: 0.
num_vsnodes_births: 2.
num_vsnodes_deaths: 0.
num_space_committed: 22.
num_space_uncommitted: 0.
num_chunks_returned_to_freelist: 0.
num_chunks_taken_from_freelist: 38.
num_chunk_merges: 0.
num_chunk_splits: 24.
num_chunks_enlarged: 14.
num_inconsistent_stats: 0.

CodeHeap 'non-profiled nmethods': size=119168Kb used=167Kb max_used=167Kb free=119000Kb
 bounds [0x000001ee4a1e0000, 0x000001ee4a450000, 0x000001ee51640000]
CodeHeap 'profiled nmethods': size=119104Kb used=662Kb max_used=662Kb free=118441Kb
 bounds [0x000001ee42640000, 0x000001ee428b0000, 0x000001ee49a90000]
CodeHeap 'non-nmethods': size=7488Kb used=3125Kb max_used=3152Kb free=4363Kb
 bounds [0x000001ee49a90000, 0x000001ee49db0000, 0x000001ee4a1e0000]
 total_blobs=896 nmethods=467 adapters=331
 compilation: enabled
              stopped_count=0, restarted_count=0
 full_count=0

Compilation events (20 events):
Event: 0.192 Thread 0x000001ee59d4df10  393       4       java.lang.module.ModuleDescriptor$Exports::isQualified (18 bytes)
Event: 0.192 Thread 0x000001ee59d4ecb0 nmethod 413 0x000001ee426d5110 code [0x000001ee426d52c0, 0x000001ee426d5468]
Event: 0.192 Thread 0x000001ee59d4e5e0  414       3       jdk.internal.misc.VM::isBooted (13 bytes)
Event: 0.192 Thread 0x000001ee59d4e5e0 nmethod 414 0x000001ee426d5510 code [0x000001ee426d56a0, 0x000001ee426d57f8]
Event: 0.193 Thread 0x000001ee59d4df10 nmethod 393 0x000001ee4a203510 code [0x000001ee4a2036a0, 0x000001ee4a203780]
Event: 0.193 Thread 0x000001ee59d4df10  356       4       java.util.HashSet::add (20 bytes)
Event: 0.193 Thread 0x000001ee59d4e5e0  415   !   3       jdk.internal.misc.Blocker::begin (97 bytes)
Event: 0.193 Thread 0x000001ee59d4c3d0  417       3       jdk.internal.misc.Blocker::end (71 bytes)
Event: 0.194 Thread 0x000001ee59d4bd00  418       1       java.lang.String::value (5 bytes)
Event: 0.194 Thread 0x000001ee59d4c3d0 nmethod 417 0x000001ee426d5890 code [0x000001ee426d5a80, 0x000001ee426d5f58]
Event: 0.194 Thread 0x000001ee59d4e5e0 nmethod 415 0x000001ee426d6110 code [0x000001ee426d6340, 0x000001ee426d6c50]
Event: 0.194 Thread 0x000001ee59d4bd00 nmethod 418 0x000001ee4a203890 code [0x000001ee4a203a20, 0x000001ee4a203af0]
Event: 0.194 Thread 0x000001ee59d4df10 nmethod 356 0x000001ee4a203b90 code [0x000001ee4a203d40, 0x000001ee4a203ed0]
Event: 0.194 Thread 0x000001ee59d4df10  416       4       java.lang.String::<init> (15 bytes)
Event: 0.196 Thread 0x000001ee59d4df10 nmethod 416 0x000001ee4a204010 code [0x000001ee4a2041a0, 0x000001ee4a204310]
Event: 0.197 Thread 0x000001ee59d4df10  419       4       java.lang.String::coder (15 bytes)
Event: 0.198 Thread 0x000001ee59d4d840 nmethod 388 0x000001ee4a204390 code [0x000001ee4a2045a0, 0x000001ee4a204df8]
Event: 0.198 Thread 0x000001ee59d4df10 nmethod 419 0x000001ee4a205190 code [0x000001ee4a205320, 0x000001ee4a2053b0]
Event: 0.198 Thread 0x000001ee59d4bd00  420       1       java.lang.Class::getModule (5 bytes)
Event: 0.198 Thread 0x000001ee59d4bd00 nmethod 420 0x000001ee4a205490 code [0x000001ee4a205620, 0x000001ee4a2056f0]

GC Heap History (0 events):
No events

Dll operation events (7 events):
Event: 0.008 Loaded shared library C:\Program Files\Java\jdk-21\bin\java.dll
Event: 0.048 Loaded shared library C:\Program Files\Java\jdk-21\bin\jsvml.dll
Event: 0.078 Loaded shared library C:\Program Files\Java\jdk-21\bin\net.dll
Event: 0.080 Loaded shared library C:\Program Files\Java\jdk-21\bin\nio.dll
Event: 0.088 Loaded shared library C:\Program Files\Java\jdk-21\bin\zip.dll
Event: 0.184 Loaded shared library C:\Program Files\Java\jdk-21\bin\zip.dll
Event: 0.189 Loaded shared library C:\Program Files\Java\jdk-21\bin\instrument.dll

Deoptimization events (20 events):
Event: 0.170 Thread 0x000001ee3a1d7c10 Uncommon trap: trap_request=0xffffff45 fr.pc=0x000001ee4a1eddfc relative=0x00000000000006dc
Event: 0.170 Thread 0x000001ee3a1d7c10 Uncommon trap: reason=unstable_if action=reinterpret pc=0x000001ee4a1eddfc method=java.util.ImmutableCollections$SetN.probe(Ljava/lang/Object;)I @ 34 c2
Event: 0.170 Thread 0x000001ee3a1d7c10 DEOPT PACKING pc=0x000001ee4a1eddfc sp=0x0000000befbfea10
Event: 0.170 Thread 0x000001ee3a1d7c10 DEOPT UNPACKING pc=0x000001ee49ae7da2 sp=0x0000000befbfe9b0 mode 2
Event: 0.177 Thread 0x000001ee3a1d7c10 Uncommon trap: trap_request=0xffffff45 fr.pc=0x000001ee4a1f48cc relative=0x000000000000066c
Event: 0.177 Thread 0x000001ee3a1d7c10 Uncommon trap: reason=unstable_if action=reinterpret pc=0x000001ee4a1f48cc method=java.lang.StringLatin1.newString([BII)Ljava/lang/String; @ 1 c2
Event: 0.177 Thread 0x000001ee3a1d7c10 DEOPT PACKING pc=0x000001ee4a1f48cc sp=0x0000000befbfe860
Event: 0.177 Thread 0x000001ee3a1d7c10 DEOPT UNPACKING pc=0x000001ee49ae7da2 sp=0x0000000befbfe7c0 mode 2
Event: 0.177 Thread 0x000001ee3a1d7c10 Uncommon trap: trap_request=0xffffff45 fr.pc=0x000001ee4a1f93e8 relative=0x00000000000002a8
Event: 0.177 Thread 0x000001ee3a1d7c10 Uncommon trap: reason=unstable_if action=reinterpret pc=0x000001ee4a1f93e8 method=java.lang.String.startsWith(Ljava/lang/String;I)Z @ 14 c2
Event: 0.177 Thread 0x000001ee3a1d7c10 DEOPT PACKING pc=0x000001ee4a1f93e8 sp=0x0000000befbfe670
Event: 0.177 Thread 0x000001ee3a1d7c10 DEOPT UNPACKING pc=0x000001ee49ae7da2 sp=0x0000000befbfe610 mode 2
Event: 0.177 Thread 0x000001ee3a1d7c10 Uncommon trap: trap_request=0xffffff45 fr.pc=0x000001ee4a1f1990 relative=0x0000000000000530
Event: 0.177 Thread 0x000001ee3a1d7c10 Uncommon trap: reason=unstable_if action=reinterpret pc=0x000001ee4a1f1990 method=java.lang.StringLatin1.newString([BII)Ljava/lang/String; @ 1 c2
Event: 0.177 Thread 0x000001ee3a1d7c10 DEOPT PACKING pc=0x000001ee4a1f1990 sp=0x0000000befbfe7e0
Event: 0.177 Thread 0x000001ee3a1d7c10 DEOPT UNPACKING pc=0x000001ee49ae7da2 sp=0x0000000befbfe7c0 mode 2
Event: 0.195 Thread 0x000001ee3a1d7c10 Uncommon trap: trap_request=0xffffff45 fr.pc=0x000001ee4a1fa83c relative=0x000000000000089c
Event: 0.195 Thread 0x000001ee3a1d7c10 Uncommon trap: reason=unstable_if action=reinterpret pc=0x000001ee4a1fa83c method=java.util.zip.ZipFile$Source.checkAndAddEntry(II)I @ 50 c2
Event: 0.195 Thread 0x000001ee3a1d7c10 DEOPT PACKING pc=0x000001ee4a1fa83c sp=0x0000000befbfde00
Event: 0.195 Thread 0x000001ee3a1d7c10 DEOPT UNPACKING pc=0x000001ee49ae7da2 sp=0x0000000befbfdd70 mode 2

Classes loaded (20 events):
Event: 0.141 Loading class java/nio/file/FileTreeWalker$Event
Event: 0.141 Loading class java/nio/file/FileTreeWalker$Event done
Event: 0.141 Loading class java/nio/file/FileTreeWalker$EventType
Event: 0.141 Loading class java/nio/file/FileTreeWalker$EventType done
Event: 0.147 Loading class sun/nio/fs/WindowsPath$WindowsPathWithAttributes
Event: 0.147 Loading class sun/nio/fs/BasicFileAttributesHolder
Event: 0.147 Loading class sun/nio/fs/BasicFileAttributesHolder done
Event: 0.148 Loading class sun/nio/fs/WindowsPath$WindowsPathWithAttributes done
Event: 0.168 Loading class jdk/internal/module/ModuleReferenceImpl$CachedHash
Event: 0.168 Loading class jdk/internal/module/ModuleReferenceImpl$CachedHash done
Event: 0.185 Loading class sun/instrument/InstrumentationImpl
Event: 0.186 Loading class java/lang/instrument/Instrumentation
Event: 0.187 Loading class java/lang/instrument/Instrumentation done
Event: 0.187 Loading class sun/instrument/InstrumentationImpl done
Event: 0.189 Loading class sun/instrument/TransformerManager
Event: 0.190 Loading class sun/instrument/TransformerManager done
Event: 0.190 Loading class sun/instrument/TransformerManager$TransformerInfo
Event: 0.190 Loading class sun/instrument/TransformerManager$TransformerInfo done
Event: 0.194 Loading class sun/nio/cs/UTF_8$Decoder
Event: 0.194 Loading class sun/nio/cs/UTF_8$Decoder done

Classes unloaded (0 events):
No events

Classes redefined (0 events):
No events

Internal exceptions (3 events):
Event: 0.142 Thread 0x000001ee3a1d7c10 Exception <a 'java/lang/NoSuchMethodError'{0x000000071386adc8}: 'void java.lang.invoke.DirectMethodHandle$Holder.invokeVirtual(java.lang.Object, java.lang.Object)'> (0x000000071386adc8) 
thrown [s\open\src\hotspot\share\interpreter\linkResolver.cpp, line 773]
Event: 0.144 Thread 0x000001ee3a1d7c10 Exception <a 'java/lang/NoSuchMethodError'{0x0000000713875d78}: 'java.lang.Object java.lang.invoke.DirectMethodHandle$Holder.invokeInterface(java.lang.Object, java.lang.Object, java.lang.Object)'> (0x0000000713875d78) 
thrown [s\open\src\hotspot\share\interpreter\linkResolver.cpp, line 773]
Event: 0.198 Thread 0x000001ee3a1d7c10 Exception <a 'java/lang/NoSuchMethodError'{0x00000007139ba290}: 'void java.lang.invoke.DirectMethodHandle$Holder.invokeStatic(java.lang.Object, java.lang.Object, java.lang.Object)'> (0x00000007139ba290) 
thrown [s\open\src\hotspot\share\interpreter\linkResolver.cpp, line 773]

ZGC Phase Switch (0 events):
No events

VM Operations (4 events):
Event: 0.167 Executing VM operation: HandshakeAllThreads (Deoptimize)
Event: 0.168 Executing VM operation: HandshakeAllThreads (Deoptimize) done
Event: 0.168 Executing VM operation: HandshakeAllThreads (Deoptimize)
Event: 0.168 Executing VM operation: HandshakeAllThreads (Deoptimize) done

Events (16 events):
Event: 0.027 Thread 0x000001ee3a1d7c10 Thread added: 0x000001ee3a1d7c10
Event: 0.045 Thread 0x000001ee59d31040 Thread added: 0x000001ee59d31040
Event: 0.045 Thread 0x000001ee59d33d50 Thread added: 0x000001ee59d33d50
Event: 0.046 Thread 0x000001ee59d354d0 Thread added: 0x000001ee59d354d0
Event: 0.046 Thread 0x000001ee59d36020 Thread added: 0x000001ee59d36020
Event: 0.046 Thread 0x000001ee59d36d20 Thread added: 0x000001ee59d36d20
Event: 0.046 Thread 0x000001ee59d37b50 Thread added: 0x000001ee59d37b50
Event: 0.046 Thread 0x000001ee59d43bb0 Thread added: 0x000001ee59d43bb0
Event: 0.046 Thread 0x000001ee59d4e5e0 Thread added: 0x000001ee59d4e5e0
Event: 0.049 Thread 0x000001ee59d4bd00 Thread added: 0x000001ee59d4bd00
Event: 0.049 Thread 0x000001ee59d4c3d0 Thread added: 0x000001ee59d4c3d0
Event: 0.073 Thread 0x000001ee9f1576f0 Thread added: 0x000001ee9f1576f0
Event: 0.105 Thread 0x000001ee59d4ecb0 Thread added: 0x000001ee59d4ecb0
Event: 0.106 Thread 0x000001ee59d4d840 Thread added: 0x000001ee59d4d840
Event: 0.112 Thread 0x000001ee59d4df10 Thread added: 0x000001ee59d4df10
Event: 0.112 Thread 0x000001ee59d4caa0 Thread added: 0x000001ee59d4caa0


Dynamic libraries:
0x00007ff6cb450000 - 0x00007ff6cb460000 	C:\Program Files\Java\jdk-21\bin\java.exe
0x00007ff85ef00000 - 0x00007ff85f109000 	C:\Windows\SYSTEM32\ntdll.dll
0x00007ff85d8a0000 - 0x00007ff85d95d000 	C:\Windows\System32\KERNEL32.DLL
0x00007ff85c800000 - 0x00007ff85cb84000 	C:\Windows\System32\KERNELBASE.dll
0x00007ff85c390000 - 0x00007ff85c4a1000 	C:\Windows\System32\ucrtbase.dll
0x00007ff827990000 - 0x00007ff8279a9000 	C:\Program Files\Java\jdk-21\bin\jli.dll
0x00007ff827970000 - 0x00007ff82798b000 	C:\Program Files\Java\jdk-21\bin\VCRUNTIME140.dll
0x00007ff85ec30000 - 0x00007ff85ecde000 	C:\Windows\System32\ADVAPI32.dll
0x00007ff85e8b0000 - 0x00007ff85e953000 	C:\Windows\System32\msvcrt.dll
0x00007ff85cd50000 - 0x00007ff85cdee000 	C:\Windows\System32\sechost.dll
0x00007ff85ea10000 - 0x00007ff85eb31000 	C:\Windows\System32\RPCRT4.dll
0x00007ff85e1a0000 - 0x00007ff85e34d000 	C:\Windows\System32\USER32.dll
0x00007ff85cb90000 - 0x00007ff85cbb6000 	C:\Windows\System32\win32u.dll
0x00007ff843990000 - 0x00007ff843c35000 	C:\Windows\WinSxS\amd64_microsoft.windows.common-controls_6595b64144ccf1df_6.0.22000.120_none_9d947278b86cc467\COMCTL32.dll
0x00007ff85e880000 - 0x00007ff85e8aa000 	C:\Windows\System32\GDI32.dll
0x00007ff85cbc0000 - 0x00007ff85ccde000 	C:\Windows\System32\gdi32full.dll
0x00007ff85c620000 - 0x00007ff85c6bd000 	C:\Windows\System32\msvcp_win.dll
0x00007ff84f5f0000 - 0x00007ff84f5fa000 	C:\Windows\SYSTEM32\VERSION.dll
0x00007ff85ed70000 - 0x00007ff85eda1000 	C:\Windows\System32\IMM32.DLL
0x00007ff842000000 - 0x00007ff84200c000 	C:\Program Files\Java\jdk-21\bin\vcruntime140_1.dll
0x00007fff90860000 - 0x00007fff908ee000 	C:\Program Files\Java\jdk-21\bin\msvcp140.dll
0x00007fff677a0000 - 0x00007fff684b3000 	C:\Program Files\Java\jdk-21\bin\server\jvm.dll
0x00007ff85e980000 - 0x00007ff85e9ef000 	C:\Windows\System32\WS2_32.dll
0x00007ff85acb0000 - 0x00007ff85acfd000 	C:\Windows\SYSTEM32\POWRPROF.dll
0x00007ff8520f0000 - 0x00007ff852123000 	C:\Windows\SYSTEM32\WINMM.dll
0x00007ff85ada0000 - 0x00007ff85adb3000 	C:\Windows\SYSTEM32\UMPDC.dll
0x00007ff85b4b0000 - 0x00007ff85b4c8000 	C:\Windows\SYSTEM32\kernel.appcore.dll
0x00007ff83ff90000 - 0x00007ff83ff9a000 	C:\Program Files\Java\jdk-21\bin\jimage.dll
0x00007ff859980000 - 0x00007ff859ba1000 	C:\Windows\SYSTEM32\DBGHELP.DLL
0x00007ff84e8a0000 - 0x00007ff84e8d1000 	C:\Windows\SYSTEM32\dbgcore.DLL
0x00007ff85c780000 - 0x00007ff85c7ff000 	C:\Windows\System32\bcryptPrimitives.dll
0x00007ff83a6c0000 - 0x00007ff83a6cf000 	C:\Program Files\Java\jdk-21\bin\instrument.dll
0x00007ff827650000 - 0x00007ff82766f000 	C:\Program Files\Java\jdk-21\bin\java.dll
0x00007ff85cdf0000 - 0x00007ff85d5b5000 	C:\Windows\System32\SHELL32.dll
0x00007ff85a430000 - 0x00007ff85ac92000 	C:\Windows\SYSTEM32\windows.storage.dll
0x00007ff85e500000 - 0x00007ff85e876000 	C:\Windows\System32\combase.dll
0x00007ff85a2c0000 - 0x00007ff85a427000 	C:\Windows\SYSTEM32\wintypes.dll
0x00007ff85da50000 - 0x00007ff85db3a000 	C:\Windows\System32\SHCORE.dll
0x00007ff85e140000 - 0x00007ff85e19d000 	C:\Windows\System32\shlwapi.dll
0x00007ff85c2c0000 - 0x00007ff85c2e5000 	C:\Windows\SYSTEM32\profapi.dll
0x00007fff8fc60000 - 0x00007fff8fd37000 	C:\Program Files\Java\jdk-21\bin\jsvml.dll
0x00007ff83fe30000 - 0x00007ff83fe40000 	C:\Program Files\Java\jdk-21\bin\net.dll
0x00007ff8541e0000 - 0x00007ff8542f4000 	C:\Windows\SYSTEM32\WINHTTP.dll
0x00007ff85b950000 - 0x00007ff85b9b7000 	C:\Windows\system32\mswsock.dll
0x00007ff827630000 - 0x00007ff827646000 	C:\Program Files\Java\jdk-21\bin\nio.dll
0x00007ff827610000 - 0x00007ff827628000 	C:\Program Files\Java\jdk-21\bin\zip.dll
0x00007ff821270000 - 0x00007ff82128a000 	D:\IntelliJ\IntelliJ IDEA 2023.2.5\bin\breakgen64.dll

dbghelp: loaded successfully - version: 4.0.5 - missing functions: none
symbol engine: initialized successfully - sym options: 0x614 - pdb path: .;C:\Program Files\Java\jdk-21\bin;C:\Windows\SYSTEM32;C:\Windows\WinSxS\amd64_microsoft.windows.common-controls_6595b64144ccf1df_6.0.22000.120_none_9d947278b86cc467;C:\Program Files\Java\jdk-21\bin\server;D:\IntelliJ\IntelliJ IDEA 2023.2.5\bin

VM Arguments:
jvm_args: -javaagent:D:\IntelliJ\IntelliJ IDEA 2023.2.5\lib\idea_rt.jar=59924:D:\IntelliJ\IntelliJ IDEA 2023.2.5\bin -Dfile.encoding=UTF-8 -Dsun.stdout.encoding=UTF-8 -Dsun.stderr.encoding=UTF-8 --module-path=C:\Users\mazen\.m2\repository\org\openjfx\javafx-controls\21-ea+24\javafx-controls-21-ea+24-win.jar;C:\Users\mazen\.m2\repository\org\openjfx\javafx-graphics\21-ea+24\javafx-graphics-21-ea+24-win.jar;C:\Users\mazen\source\repos\FlyXpert\target\classes;C:\Users\mazen\.m2\repository\org\openjfx\javafx-fxml\21-ea+24\javafx-fxml-21-ea+24-win.jar;C:\Users\mazen\.m2\repository\org\openjfx\javafx-base\21-ea+24\javafx-base-21-ea+24-win.jar -Djdk.module.main=flyxpert.flyxpert 
java_command: flyxpert.flyxpert/flyxpert.flyxpert.Main
java_class_path (initial): C:\Users\mazen\.m2\repository\org\openjfx\javafx-controls\21-ea+24\javafx-controls-21-ea+24.jar;C:\Users\mazen\.m2\repository\org\openjfx\javafx-graphics\21-ea+24\javafx-graphics-21-ea+24.jar;C:\Users\mazen\.m2\repository\org\openjfx\javafx-base\21-ea+24\javafx-base-21-ea+24.jar;C:\Users\mazen\.m2\repository\org\openjfx\javafx-fxml\21-ea+24\javafx-fxml-21-ea+24.jar
Launcher Type: SUN_STANDARD

[Global flags]
     intx CICompilerCount                          = 12                                        {product} {ergonomic}
     uint ConcGCThreads                            = 3                                         {product} {ergonomic}
     uint G1ConcRefinementThreads                  = 13                                        {product} {ergonomic}
   size_t G1HeapRegionSize                         = 2097152                                   {product} {ergonomic}
    uintx GCDrainStackTargetSize                   = 64                                        {product} {ergonomic}
   size_t InitialHeapSize                          = 264241152                                 {product} {ergonomic}
   size_t MarkStackSize                            = 4194304                                   {product} {ergonomic}
   size_t MaxHeapSize                              = 4223664128                                {product} {ergonomic}
   size_t MaxNewSize                               = 2533359616                                {product} {ergonomic}
   size_t MinHeapDeltaBytes                        = 2097152                                   {product} {ergonomic}
   size_t MinHeapSize                              = 8388608                                   {product} {ergonomic}
    uintx NonNMethodCodeHeapSize                   = 7602480                                {pd product} {ergonomic}
    uintx NonProfiledCodeHeapSize                  = 122027880                              {pd product} {ergonomic}
    uintx ProfiledCodeHeapSize                     = 122027880                              {pd product} {ergonomic}
    uintx ReservedCodeCacheSize                    = 251658240                              {pd product} {ergonomic}
     bool SegmentedCodeCache                       = true                                      {product} {ergonomic}
   size_t SoftMaxHeapSize                          = 4223664128                             {manageable} {ergonomic}
     bool UseCompressedOops                        = true                           {product lp64_product} {ergonomic}
     bool UseG1GC                                  = true                                      {product} {ergonomic}
     bool UseLargePagesIndividualAllocation        = false                                  {pd product} {ergonomic}

Logging:
Log output configuration:
 #0: stdout all=warning uptime,level,tags foldmultilines=false
 #1: stderr all=off uptime,level,tags foldmultilines=false

Environment Variables:
PATH=C:\Oracle\Middleware\Oracle_FRHome1\bin;D:\app\mazen\product\11.2.0\dbhome_1\bin;C:\Program Files\Common Files\Oracle\Java\javapath;C:\Program Files (x86)\VMware\VMware Player\bin\;C:\Program Files (x86)\Common Files\Oracle\Java\javapath;C:\Windows\system32;C:\Windows;C:\Windows\System32\Wbem;C:\Windows\System32\WindowsPowerShell\v1.0\;C:\Windows\System32\OpenSSH\;C:\Program Files (x86)\NVIDIA Corporation\PhysX\Common;C:\Program Files\NVIDIA Corporation\NVIDIA NvDLISR;C:\Program Files\dotnet\;C:\Program Files\Microsoft SQL Server\150\Tools\Binn\;C:\Program Files\Git\cmd;C:\MinGW\bin;C:\Program Files (x86)\Microsoft SQL Server\160\Tools\Binn\;C:\Program Files\Microsoft SQL Server\160\Tools\Binn\;C:\Program Files\Microsoft SQL Server\Client SDK\ODBC\170\Tools\Binn\;C:\Program Files\Microsoft SQL Server\160\DTS\Binn\;C:\Program Files (x86)\Microsoft SQL Server\160\DTS\Binn\;C:\Program Files\Azure Data Studio\bin;C:\Program Files\Cloudflare\Cloudflare WARP\;C:\Oracle\Middleware\Oracle_FRHome1\opmn\bin;C:\Oracle\Middleware\Oracle_FRHome1\opmn\lib;C:\Oracle\Middleware\Oracle_FRHome1\perl\bin;C:\Users\mazen\AppData\Local\Programs\Python\Python311\Scripts;C:\Users\mazen\AppData\Local\Microsoft\WindowsApps;C:\Users\mazen\AppData\Local\Programs\Microsoft VS Code\bin;C:\Program Files\Azure Data Studio\bin;C:\Users\mazen\.dotnet\tools;D:\VsCSFML\mingw64\bin;;D:\IntelliJ\IntelliJ IDEA 2023.2.5\bin;
USERNAME=mazen
LD_LIBRARY_PATH=C:\Oracle\Middleware\Oracle_FRHome1\lib
OS=Windows_NT
PROCESSOR_IDENTIFIER=Intel64 Family 6 Model 141 Stepping 1, GenuineIntel
TMP=C:\Users\mazen\AppData\Local\Temp
TEMP=C:\Users\mazen\AppData\Local\Temp




---------------  S Y S T E M  ---------------

OS:
 Windows 11 , 64 bit Build 22000 (10.0.22000.2538)
OS uptime: 0 days 1:13 hours
Hyper-V role detected

CPU: total 16 (initial active 16) (8 cores per cpu, 2 threads per core) family 6 model 141 stepping 1 microcode 0x46, cx8, cmov, fxsr, ht, mmx, 3dnowpref, sse, sse2, sse3, ssse3, sse4.1, sse4.2, popcnt, lzcnt, tsc, tscinvbit, avx, avx2, aes, erms, clmul, bmi1, bmi2, adx, avx512f, avx512dq, avx512cd, avx512bw, avx512vl, sha, fma, vzeroupper, avx512_vpopcntdq, avx512_vpclmulqdq, avx512_vaes, avx512_vnni, clflush, clflushopt, clwb, avx512_vbmi2, avx512_vbmi, hv, rdtscp, rdpid, fsrm, gfni, avx512_bitalg, f16c, cet_ibt, cet_ss, avx512_ifma
Processor Information for all 16 processors :
  Max Mhz: 2304, Current Mhz: 2304, Mhz Limit: 2304

Memory: 4k page, system-wide physical 16110M (837M free)
TotalPageFile size 25500M (AvailPageFile size 0M)
current process WorkingSet (physical memory assigned to process): 60M, peak: 60M
current process commit charge ("private bytes"): 363M, peak: 363M

vm_info: Java HotSpot(TM) 64-Bit Server VM (21+35-LTS-2513) for windows-amd64 JRE (21+35-LTS-2513), built on 2023-08-09T20:25:10Z by "mach5one" with MS VC++ 17.1 (VS2022)

END.
